PLINK v1.90b6.5 64-bit (13 Sep 2018)
Options in effect:
  --bfile test.hh.remove
  --make-bed
  --out data
  --update-ids update_IDs.txt

Hostname: hannahmbpr
Working directory: /Users/hannah/RPackagesDevel/plinkQC/inst/extdata/createData
Start time: Fri Nov  9 07:14:16 2018

Random number seed: 1541747656
16384 MB RAM detected; reserving 8192 MB for main workspace.
10000 variants loaded from .bim file.
200 people (89 males, 111 females) loaded from .fam.
--update-ids: 200 people updated.
Using 1 thread (no multithreaded calculations invoked).
Before main variant filters, 200 founders and 0 nonfounders present.
Calculating allele frequencies... done.
Total genotyping rate is 0.990329.
10000 variants and 200 people pass filters and QC.
Note: No phenotypes present.
--make-bed to data.bed + data.bim + data.fam ... done.

End time: Fri Nov  9 07:14:16 2018
