This is pdfTeX, Version 3.14159265-2.6-1.40.20 (MiKTeX 2.9.6980) (preloaded format=pdflatex 2019.3.1)  7 JUL 2020 09:30
entering extended mode
**\nonstopmode \input ./Rd2.tex \input ./Rd2.tex \input ./Rd2.tex \input ./Rd2.
tex
(Rd2.tex

("/Users/hannah/Library/Application Support/MiKTeX/texmfs/install/tex/latex/bas
e/book.cls"
Document Class: book 2018/09/03 v1.4i Standard LaTeX document class

("/Users/hannah/Library/Application Support/MiKTeX/texmfs/install/tex/latex/bas
e/bk10.clo"
File: bk10.clo 2018/09/03 v1.4i Standard LaTeX file (size option)
)
\c@part=\count80
\c@chapter=\count81
\c@section=\count82
\c@subsection=\count83
\c@subsubsection=\count84
\c@paragraph=\count85
\c@subparagraph=\count86
\c@figure=\count87
\c@table=\count88
\abovecaptionskip=\skip41
\belowcaptionskip=\skip42
\bibindent=\dimen102
)
(/Library/Frameworks/R.framework/Resources/share/texmf/tex/latex/Rd.sty
Package: Rd 

("/Users/hannah/Library/Application Support/MiKTeX/texmfs/install/tex/latex/bas
e/ifthen.sty"
Package: ifthen 2014/09/29 v1.1c Standard LaTeX ifthen package (DPC)
)
("/Users/hannah/Library/Application Support/MiKTeX/texmfs/install/tex/latex/too
ls/longtable.sty"
Package: longtable 2014/10/28 v4.11 Multi-page Table package (DPC)+ FMi change
\LTleft=\skip43
\LTright=\skip44
\LTpre=\skip45
\LTpost=\skip46
\LTchunksize=\count89
\LTcapwidth=\dimen103
\LT@head=\box27
\LT@firsthead=\box28
\LT@foot=\box29
\LT@lastfoot=\box30
\LT@cols=\count90
\LT@rows=\count91
\c@LT@tables=\count92
\c@LT@chunks=\count93
\LT@p@ftn=\toks14
)
("/Users/hannah/Library/Application Support/MiKTeX/texmfs/install/tex/latex/too
ls/bm.sty"
Package: bm 2017/01/16 v1.2c Bold Symbol Support (DPC/FMi)
\symboldoperators=\mathgroup4
\symboldletters=\mathgroup5
\symboldsymbols=\mathgroup6
LaTeX Font Info:    Redeclaring math alphabet \mathbf on input line 141.
LaTeX Info: Redefining \bm on input line 207.
)
("/Users/hannah/Library/Application Support/MiKTeX/texmfs/install/tex/latex/bas
e/alltt.sty"
Package: alltt 1997/06/16 v2.0g defines alltt environment
)
("/Users/hannah/Library/Application Support/MiKTeX/texmfs/install/tex/latex/too
ls/verbatim.sty"
Package: verbatim 2014/10/28 v1.5q LaTeX2e package for verbatim enhancements
\every@verbatim=\toks15
\verbatim@line=\toks16
\verbatim@in@stream=\read1
)
("/Users/hannah/Library/Application Support/MiKTeX/texmfs/install/tex/latex/url
/url.sty"
\Urlmuskip=\muskip10
Package: url 2013/09/16  ver 3.4  Verb mode for urls, etc.
)
("/Users/hannah/Library/Application Support/MiKTeX/texmfs/install/tex/latex/bas
e/textcomp.sty"
Package: textcomp 2018/08/11 v2.0j Standard LaTeX package
Package textcomp Info: Sub-encoding information:
(textcomp)               5 = only ISO-Adobe without \textcurrency
(textcomp)               4 = 5 + \texteuro
(textcomp)               3 = 4 + \textohm
(textcomp)               2 = 3 + \textestimated + \textcurrency
(textcomp)               1 = TS1 - \textcircled - \t
(textcomp)               0 = TS1 (full)
(textcomp)             Font families with sub-encoding setting implement
(textcomp)             only a restricted character set as indicated.
(textcomp)             Family '?' is the default used for unknown fonts.
(textcomp)             See the documentation for details.
Package textcomp Info: Setting ? sub-encoding to TS1/1 on input line 79.

("/Users/hannah/Library/Application Support/MiKTeX/texmfs/install/tex/latex/bas
e/ts1enc.def"
File: ts1enc.def 2001/06/05 v3.0e (jk/car/fm) Standard LaTeX file
Now handling font encoding TS1 ...
... processing UTF-8 mapping file for font encoding TS1

("/Users/hannah/Library/Application Support/MiKTeX/texmfs/install/tex/latex/bas
e/ts1enc.dfu"
File: ts1enc.dfu 2018/10/05 v1.2f UTF-8 support for inputenc
   defining Unicode char U+00A2 (decimal 162)
   defining Unicode char U+00A3 (decimal 163)
   defining Unicode char U+00A4 (decimal 164)
   defining Unicode char U+00A5 (decimal 165)
   defining Unicode char U+00A6 (decimal 166)
   defining Unicode char U+00A7 (decimal 167)
   defining Unicode char U+00A8 (decimal 168)
   defining Unicode char U+00A9 (decimal 169)
   defining Unicode char U+00AA (decimal 170)
   defining Unicode char U+00AC (decimal 172)
   defining Unicode char U+00AE (decimal 174)
   defining Unicode char U+00AF (decimal 175)
   defining Unicode char U+00B0 (decimal 176)
   defining Unicode char U+00B1 (decimal 177)
   defining Unicode char U+00B2 (decimal 178)
   defining Unicode char U+00B3 (decimal 179)
   defining Unicode char U+00B4 (decimal 180)
   defining Unicode char U+00B5 (decimal 181)
   defining Unicode char U+00B6 (decimal 182)
   defining Unicode char U+00B7 (decimal 183)
   defining Unicode char U+00B9 (decimal 185)
   defining Unicode char U+00BA (decimal 186)
   defining Unicode char U+00BC (decimal 188)
   defining Unicode char U+00BD (decimal 189)
   defining Unicode char U+00BE (decimal 190)
   defining Unicode char U+00D7 (decimal 215)
   defining Unicode char U+00F7 (decimal 247)
   defining Unicode char U+0192 (decimal 402)
   defining Unicode char U+02C7 (decimal 711)
   defining Unicode char U+02D8 (decimal 728)
   defining Unicode char U+02DD (decimal 733)
   defining Unicode char U+0E3F (decimal 3647)
   defining Unicode char U+2016 (decimal 8214)
   defining Unicode char U+2020 (decimal 8224)
   defining Unicode char U+2021 (decimal 8225)
   defining Unicode char U+2022 (decimal 8226)
   defining Unicode char U+2030 (decimal 8240)
   defining Unicode char U+2031 (decimal 8241)
   defining Unicode char U+203B (decimal 8251)
   defining Unicode char U+203D (decimal 8253)
   defining Unicode char U+2044 (decimal 8260)
   defining Unicode char U+204E (decimal 8270)
   defining Unicode char U+2052 (decimal 8274)
   defining Unicode char U+20A1 (decimal 8353)
   defining Unicode char U+20A4 (decimal 8356)
   defining Unicode char U+20A6 (decimal 8358)
   defining Unicode char U+20A9 (decimal 8361)
   defining Unicode char U+20AB (decimal 8363)
   defining Unicode char U+20AC (decimal 8364)
   defining Unicode char U+20B1 (decimal 8369)
   defining Unicode char U+2103 (decimal 8451)
   defining Unicode char U+2116 (decimal 8470)
   defining Unicode char U+2117 (decimal 8471)
   defining Unicode char U+211E (decimal 8478)
   defining Unicode char U+2120 (decimal 8480)
   defining Unicode char U+2122 (decimal 8482)
   defining Unicode char U+2126 (decimal 8486)
   defining Unicode char U+2127 (decimal 8487)
   defining Unicode char U+212E (decimal 8494)
   defining Unicode char U+2190 (decimal 8592)
   defining Unicode char U+2191 (decimal 8593)
   defining Unicode char U+2192 (decimal 8594)
   defining Unicode char U+2193 (decimal 8595)
   defining Unicode char U+2329 (decimal 9001)
   defining Unicode char U+232A (decimal 9002)
   defining Unicode char U+2422 (decimal 9250)
   defining Unicode char U+25E6 (decimal 9702)
   defining Unicode char U+25EF (decimal 9711)
   defining Unicode char U+266A (decimal 9834)
   defining Unicode char U+FEFF (decimal 65279)
))
LaTeX Info: Redefining \oldstylenums on input line 334.
Package textcomp Info: Setting cmr sub-encoding to TS1/0 on input line 349.
Package textcomp Info: Setting cmss sub-encoding to TS1/0 on input line 350.
Package textcomp Info: Setting cmtt sub-encoding to TS1/0 on input line 351.
Package textcomp Info: Setting cmvtt sub-encoding to TS1/0 on input line 352.
Package textcomp Info: Setting cmbr sub-encoding to TS1/0 on input line 353.
Package textcomp Info: Setting cmtl sub-encoding to TS1/0 on input line 354.
Package textcomp Info: Setting ccr sub-encoding to TS1/0 on input line 355.
Package textcomp Info: Setting ptm sub-encoding to TS1/4 on input line 356.
Package textcomp Info: Setting pcr sub-encoding to TS1/4 on input line 357.
Package textcomp Info: Setting phv sub-encoding to TS1/4 on input line 358.
Package textcomp Info: Setting ppl sub-encoding to TS1/3 on input line 359.
Package textcomp Info: Setting pag sub-encoding to TS1/4 on input line 360.
Package textcomp Info: Setting pbk sub-encoding to TS1/4 on input line 361.
Package textcomp Info: Setting pnc sub-encoding to TS1/4 on input line 362.
Package textcomp Info: Setting pzc sub-encoding to TS1/4 on input line 363.
Package textcomp Info: Setting bch sub-encoding to TS1/4 on input line 364.
Package textcomp Info: Setting put sub-encoding to TS1/5 on input line 365.
Package textcomp Info: Setting uag sub-encoding to TS1/5 on input line 366.
Package textcomp Info: Setting ugq sub-encoding to TS1/5 on input line 367.
Package textcomp Info: Setting ul8 sub-encoding to TS1/4 on input line 368.
Package textcomp Info: Setting ul9 sub-encoding to TS1/4 on input line 369.
Package textcomp Info: Setting augie sub-encoding to TS1/5 on input line 370.
Package textcomp Info: Setting dayrom sub-encoding to TS1/3 on input line 371.
Package textcomp Info: Setting dayroms sub-encoding to TS1/3 on input line 372.

Package textcomp Info: Setting pxr sub-encoding to TS1/0 on input line 373.
Package textcomp Info: Setting pxss sub-encoding to TS1/0 on input line 374.
Package textcomp Info: Setting pxtt sub-encoding to TS1/0 on input line 375.
Package textcomp Info: Setting txr sub-encoding to TS1/0 on input line 376.
Package textcomp Info: Setting txss sub-encoding to TS1/0 on input line 377.
Package textcomp Info: Setting txtt sub-encoding to TS1/0 on input line 378.
Package textcomp Info: Setting lmr sub-encoding to TS1/0 on input line 379.
Package textcomp Info: Setting lmdh sub-encoding to TS1/0 on input line 380.
Package textcomp Info: Setting lmss sub-encoding to TS1/0 on input line 381.
Package textcomp Info: Setting lmssq sub-encoding to TS1/0 on input line 382.
Package textcomp Info: Setting lmvtt sub-encoding to TS1/0 on input line 383.
Package textcomp Info: Setting lmtt sub-encoding to TS1/0 on input line 384.
Package textcomp Info: Setting qhv sub-encoding to TS1/0 on input line 385.
Package textcomp Info: Setting qag sub-encoding to TS1/0 on input line 386.
Package textcomp Info: Setting qbk sub-encoding to TS1/0 on input line 387.
Package textcomp Info: Setting qcr sub-encoding to TS1/0 on input line 388.
Package textcomp Info: Setting qcs sub-encoding to TS1/0 on input line 389.
Package textcomp Info: Setting qpl sub-encoding to TS1/0 on input line 390.
Package textcomp Info: Setting qtm sub-encoding to TS1/0 on input line 391.
Package textcomp Info: Setting qzc sub-encoding to TS1/0 on input line 392.
Package textcomp Info: Setting qhvc sub-encoding to TS1/0 on input line 393.
Package textcomp Info: Setting futs sub-encoding to TS1/4 on input line 394.
Package textcomp Info: Setting futx sub-encoding to TS1/4 on input line 395.
Package textcomp Info: Setting futj sub-encoding to TS1/4 on input line 396.
Package textcomp Info: Setting hlh sub-encoding to TS1/3 on input line 397.
Package textcomp Info: Setting hls sub-encoding to TS1/3 on input line 398.
Package textcomp Info: Setting hlst sub-encoding to TS1/3 on input line 399.
Package textcomp Info: Setting hlct sub-encoding to TS1/5 on input line 400.
Package textcomp Info: Setting hlx sub-encoding to TS1/5 on input line 401.
Package textcomp Info: Setting hlce sub-encoding to TS1/5 on input line 402.
Package textcomp Info: Setting hlcn sub-encoding to TS1/5 on input line 403.
Package textcomp Info: Setting hlcw sub-encoding to TS1/5 on input line 404.
Package textcomp Info: Setting hlcf sub-encoding to TS1/5 on input line 405.
Package textcomp Info: Setting pplx sub-encoding to TS1/3 on input line 406.
Package textcomp Info: Setting pplj sub-encoding to TS1/3 on input line 407.
Package textcomp Info: Setting ptmx sub-encoding to TS1/4 on input line 408.
Package textcomp Info: Setting ptmj sub-encoding to TS1/4 on input line 409.
)
\ldescriptionwidth=\skip47

("/Users/hannah/Library/Application Support/MiKTeX/texmfs/install/tex/latex/bas
e/fontenc.sty"
Package: fontenc 2018/08/11 v2.0j Standard LaTeX package

("/Users/hannah/Library/Application Support/MiKTeX/texmfs/install/tex/latex/bas
e/t1enc.def"
File: t1enc.def 2018/08/11 v2.0j Standard LaTeX file
LaTeX Font Info:    Redeclaring font encoding T1 on input line 48.
))
("/Users/hannah/Library/Application Support/MiKTeX/texmfs/install/tex/latex/psn
fss/times.sty"
Package: times 2005/04/12 PSNFSS-v9.2a (SPQR) 
)
("/Users/hannah/Library/Application Support/MiKTeX/texmfs/install/tex/latex/inc
onsolata/zi4.sty"
Package: zi4 2017/01/04 v1.112

`inconsolata-zi4' v1.112, 2017/01/04 Text macros for Inconsolata (msharpe)
("/Users/hannah/Library/Application Support/MiKTeX/texmfs/install/tex/latex/xke
yval/xkeyval.sty"
Package: xkeyval 2014/12/03 v2.7a package option processing (HA)

("/Users/hannah/Library/Application Support/MiKTeX/texmfs/install/tex/generic/x
keyval/xkeyval.tex"
("/Users/hannah/Library/Application Support/MiKTeX/texmfs/install/tex/generic/x
keyval/xkvutils.tex"
\XKV@toks=\toks17
\XKV@tempa@toks=\toks18

("/Users/hannah/Library/Application Support/MiKTeX/texmfs/install/tex/generic/x
keyval/keyval.tex"))
\XKV@depth=\count94
File: xkeyval.tex 2014/12/03 v2.7a key=value parser (HA)
))
\zifour@ocount=\count95
)
("/Users/hannah/Library/Application Support/MiKTeX/texmfs/install/tex/latex/gra
phics/color.sty"
Package: color 2016/07/10 v1.1e Standard LaTeX Color (DPC)

("/Users/hannah/Library/Application Support/MiKTeX/texmfs/install/tex/latex/gra
phics-cfg/color.cfg"
File: color.cfg 2016/01/02 v1.6 sample color configuration
)
Package color Info: Driver file: pdftex.def on input line 147.

("/Users/hannah/Library/Application Support/MiKTeX/texmfs/install/tex/latex/gra
phics-def/pdftex.def"
File: pdftex.def 2018/01/08 v1.0l Graphics/color driver for pdftex
))
("/Users/hannah/Library/Application Support/MiKTeX/texmfs/install/tex/latex/hyp
erref/hyperref.sty"
Package: hyperref 2018/11/30 v6.88e Hypertext links for LaTeX

("/Users/hannah/Library/Application Support/MiKTeX/texmfs/install/tex/generic/o
berdiek/hobsub-hyperref.sty"
Package: hobsub-hyperref 2016/05/16 v1.14 Bundle oberdiek, subset hyperref (HO)


("/Users/hannah/Library/Application Support/MiKTeX/texmfs/install/tex/generic/o
berdiek/hobsub-generic.sty"
Package: hobsub-generic 2016/05/16 v1.14 Bundle oberdiek, subset generic (HO)
Package: hobsub 2016/05/16 v1.14 Construct package bundles (HO)
Package: infwarerr 2016/05/16 v1.4 Providing info/warning/error messages (HO)
Package: ltxcmds 2016/05/16 v1.23 LaTeX kernel commands for general use (HO)
Package: ifluatex 2016/05/16 v1.4 Provides the ifluatex switch (HO)
Package ifluatex Info: LuaTeX not detected.
Package: ifvtex 2016/05/16 v1.6 Detect VTeX and its facilities (HO)
Package ifvtex Info: VTeX not detected.
Package: intcalc 2016/05/16 v1.2 Expandable calculations with integers (HO)
Package: ifpdf 2018/09/07 v3.3 Provides the ifpdf switch
Package: etexcmds 2016/05/16 v1.6 Avoid name clashes with e-TeX commands (HO)
Package: kvsetkeys 2016/05/16 v1.17 Key value parser (HO)
Package: kvdefinekeys 2016/05/16 v1.4 Define keys (HO)
Package: pdftexcmds 2018/09/10 v0.29 Utility functions of pdfTeX for LuaTeX (HO
)
Package pdftexcmds Info: LuaTeX not detected.
Package pdftexcmds Info: \pdf@primitive is available.
Package pdftexcmds Info: \pdf@ifprimitive is available.
Package pdftexcmds Info: \pdfdraftmode found.
Package: pdfescape 2016/05/16 v1.14 Implements pdfTeX's escape features (HO)
Package: bigintcalc 2016/05/16 v1.4 Expandable calculations on big integers (HO
)
Package: bitset 2016/05/16 v1.2 Handle bit-vector datatype (HO)
Package: uniquecounter 2016/05/16 v1.3 Provide unlimited unique counter (HO)
)
Package hobsub Info: Skipping package `hobsub' (already loaded).
Package: letltxmacro 2016/05/16 v1.5 Let assignment for LaTeX macros (HO)
Package: hopatch 2016/05/16 v1.3 Wrapper for package hooks (HO)
Package: xcolor-patch 2016/05/16 xcolor patch
Package: atveryend 2016/05/16 v1.9 Hooks at the very end of document (HO)
Package atveryend Info: \enddocument detected (standard20110627).
Package: atbegshi 2016/06/09 v1.18 At begin shipout hook (HO)
Package: refcount 2016/05/16 v3.5 Data extraction from label references (HO)
Package: hycolor 2016/05/16 v1.8 Color options for hyperref/bookmark (HO)
)
("/Users/hannah/Library/Application Support/MiKTeX/texmfs/install/tex/generic/i
fxetex/ifxetex.sty"
Package: ifxetex 2010/09/12 v0.6 Provides ifxetex conditional
)
("/Users/hannah/Library/Application Support/MiKTeX/texmfs/install/tex/latex/obe
rdiek/auxhook.sty"
Package: auxhook 2016/05/16 v1.4 Hooks for auxiliary files (HO)
)
("/Users/hannah/Library/Application Support/MiKTeX/texmfs/install/tex/latex/obe
rdiek/kvoptions.sty"
Package: kvoptions 2016/05/16 v3.12 Key value format for package options (HO)
)
\@linkdim=\dimen104
\Hy@linkcounter=\count96
\Hy@pagecounter=\count97

("/Users/hannah/Library/Application Support/MiKTeX/texmfs/install/tex/latex/hyp
erref/pd1enc.def"
File: pd1enc.def 2018/11/30 v6.88e Hyperref: PDFDocEncoding definition (HO)
Now handling font encoding PD1 ...
... no UTF-8 mapping file for font encoding PD1
)
\Hy@SavedSpaceFactor=\count98

("/Users/hannah/Library/Application Support/MiKTeX/texmfs/install/tex/latex/00m
iktex/hyperref.cfg"
File: hyperref.cfg 2002/06/06 v1.2 hyperref configuration of TeXLive
)
Package hyperref Info: Hyper figures OFF on input line 4519.
Package hyperref Info: Link nesting OFF on input line 4524.
Package hyperref Info: Hyper index ON on input line 4527.
Package hyperref Info: Plain pages OFF on input line 4534.
Package hyperref Info: Backreferencing OFF on input line 4539.
Package hyperref Info: Implicit mode ON; LaTeX internals redefined.
Package hyperref Info: Bookmarks ON on input line 4772.
\c@Hy@tempcnt=\count99
LaTeX Info: Redefining \url on input line 5125.
\XeTeXLinkMargin=\dimen105
\Fld@menulength=\count100
\Field@Width=\dimen106
\Fld@charsize=\dimen107
Package hyperref Info: Hyper figures OFF on input line 6380.
Package hyperref Info: Link nesting OFF on input line 6385.
Package hyperref Info: Hyper index ON on input line 6388.
Package hyperref Info: backreferencing OFF on input line 6395.
Package hyperref Info: Link coloring OFF on input line 6400.
Package hyperref Info: Link coloring with OCG OFF on input line 6405.
Package hyperref Info: PDF/A mode OFF on input line 6410.
LaTeX Info: Redefining \ref on input line 6450.
LaTeX Info: Redefining \pageref on input line 6454.
\Hy@abspage=\count101
\c@Item=\count102
\c@Hfootnote=\count103
)
Package hyperref Info: Driver (autodetected): hpdftex.

("/Users/hannah/Library/Application Support/MiKTeX/texmfs/install/tex/latex/hyp
erref/hpdftex.def"
File: hpdftex.def 2018/11/30 v6.88e Hyperref driver for pdfTeX
\Fld@listcount=\count104
\c@bookmark@seq@number=\count105

("/Users/hannah/Library/Application Support/MiKTeX/texmfs/install/tex/latex/obe
rdiek/rerunfilecheck.sty"
Package: rerunfilecheck 2016/05/16 v1.8 Rerun checks for auxiliary files (HO)
Package uniquecounter Info: New unique counter `rerunfilecheck' on input line 2
82.
)
\Hy@SectionHShift=\skip48
)

Package hyperref Warning: Option `hyperindex' has already been used,
(hyperref)                setting the option has no effect on input line 377.

Package hyperref Info: Option `colorlinks' set `true' on input line 377.

Package hyperref Warning: Option `pagebackref' has already been used,
(hyperref)                setting the option has no effect on input line 377.

Package hyperref Info: Option `linktocpage' set `true' on input line 377.
Package hyperref Info: Option `plainpages' set `false' on input line 377.
)
("/Users/hannah/Library/Application Support/MiKTeX/texmfs/install/tex/latex/bas
e/makeidx.sty"
Package: makeidx 2014/09/29 v1.0m Standard LaTeX package
)
("/Users/hannah/Library/Application Support/MiKTeX/texmfs/install/tex/latex/bas
e/inputenc.sty"
Package: inputenc 2018/08/11 v1.3c Input encoding file
\inpenc@prehook=\toks19
\inpenc@posthook=\toks20
)
\@indexfile=\write3
\openout3 = `Rd2.idx'.


Writing index file Rd2.idx

(/private/var/folders/rc/xlxbh6n92qzbm6dh_qqcd56h0000gq/T/RtmpIKC29L/Rd2pdfb054
7e29166f/Rd2.aux)
\openout1 = `Rd2.aux'.

LaTeX Font Info:    Checking defaults for OML/cmm/m/it on input line 8.
LaTeX Font Info:    ... okay on input line 8.
LaTeX Font Info:    Checking defaults for T1/cmr/m/n on input line 8.
LaTeX Font Info:    ... okay on input line 8.
LaTeX Font Info:    Checking defaults for OT1/cmr/m/n on input line 8.
LaTeX Font Info:    ... okay on input line 8.
LaTeX Font Info:    Checking defaults for OMS/cmsy/m/n on input line 8.
LaTeX Font Info:    ... okay on input line 8.
LaTeX Font Info:    Checking defaults for OMX/cmex/m/n on input line 8.
LaTeX Font Info:    ... okay on input line 8.
LaTeX Font Info:    Checking defaults for U/cmr/m/n on input line 8.
LaTeX Font Info:    ... okay on input line 8.
LaTeX Font Info:    Checking defaults for TS1/cmr/m/n on input line 8.
LaTeX Font Info:    Try loading font information for TS1+cmr on input line 8.

("/Users/hannah/Library/Application Support/MiKTeX/texmfs/install/tex/latex/bas
e/ts1cmr.fd"
File: ts1cmr.fd 2014/09/29 v2.5h Standard LaTeX font definitions
)
LaTeX Font Info:    ... okay on input line 8.
LaTeX Font Info:    Checking defaults for PD1/pdf/m/n on input line 8.
LaTeX Font Info:    ... okay on input line 8.
LaTeX Font Info:    Try loading font information for T1+ptm on input line 8.

("/Users/hannah/Library/Application Support/MiKTeX/texmfs/install/tex/latex/psn
fss/t1ptm.fd"
File: t1ptm.fd 2001/06/04 font definitions for T1/ptm.
)
("/Users/hannah/Library/Application Support/MiKTeX/texmfs/install/tex/context/b
ase/mkii/supp-pdf.mkii"
[Loading MPS to PDF converter (version 2006.09.02).]
\scratchcounter=\count106
\scratchdimen=\dimen108
\scratchbox=\box31
\nofMPsegments=\count107
\nofMParguments=\count108
\everyMPshowfont=\toks21
\MPscratchCnt=\count109
\MPscratchDim=\dimen109
\MPnumerator=\count110
\makeMPintoPDFobject=\count111
\everyMPtoPDFconversion=\toks22
)
\AtBeginShipoutBox=\box32
Package hyperref Info: Link coloring ON on input line 8.

("/Users/hannah/Library/Application Support/MiKTeX/texmfs/install/tex/latex/hyp
erref/nameref.sty"
Package: nameref 2016/05/21 v2.44 Cross-referencing by name of section

("/Users/hannah/Library/Application Support/MiKTeX/texmfs/install/tex/generic/o
berdiek/gettitlestring.sty"
Package: gettitlestring 2016/05/16 v1.5 Cleanup title references (HO)
)
\c@section@level=\count112
)
LaTeX Info: Redefining \ref on input line 8.
LaTeX Info: Redefining \pageref on input line 8.
LaTeX Info: Redefining \nameref on input line 8.

(/private/var/folders/rc/xlxbh6n92qzbm6dh_qqcd56h0000gq/T/RtmpIKC29L/Rd2pdfb054
7e29166f/Rd2.out)
(/private/var/folders/rc/xlxbh6n92qzbm6dh_qqcd56h0000gq/T/RtmpIKC29L/Rd2pdfb054
7e29166f/Rd2.out)
\@outlinefile=\write4
\openout4 = `Rd2.out'.

LaTeX Font Info:    Font shape `T1/ptm/bx/n' in size <24.88> not available
(Font)              Font shape `T1/ptm/b/n' tried instead on input line 9.
LaTeX Font Info:    Font shape `T1/ptm/bx/n' in size <10> not available
(Font)              Font shape `T1/ptm/b/n' tried instead on input line 11.
LaTeX Font Info:    Font shape `T1/ptm/bx/n' in size <20.74> not available
(Font)              Font shape `T1/ptm/b/n' tried instead on input line 11.
LaTeX Font Info:    Try loading font information for TS1+ptm on input line 18.

("/Users/hannah/Library/Application Support/MiKTeX/texmfs/install/tex/latex/psn
fss/ts1ptm.fd"
File: ts1ptm.fd 2001/06/04 font definitions for TS1/ptm.
)
LaTeX Font Info:    Try loading font information for T1+zi4 on input line 20.

("/Users/hannah/Library/Application Support/MiKTeX/texmfs/install/tex/latex/inc
onsolata/t1zi4.fd"
File: t1zi4.fd 2018/01/14 T1/zi4 (Inconsolata)
)
LaTeX Font Info:    Font shape `T1/zi4/m/n' will be
(Font)              scaled to size 10.0pt on input line 20.
LaTeX Font Info:    External font `cmex10' loaded for size
(Font)              <7> on input line 20.
LaTeX Font Info:    External font `cmex10' loaded for size
(Font)              <5> on input line 20.
LaTeX Font Info:    Font shape `T1/ptm/bx/n' in size <14.4> not available
(Font)              Font shape `T1/ptm/b/n' tried instead on input line 48.
LaTeX Font Info:    Try loading font information for T1+phv on input line 48.

("/Users/hannah/Library/Application Support/MiKTeX/texmfs/install/tex/latex/psn
fss/t1phv.fd"
File: t1phv.fd 2001/06/04 scalable font definitions for T1/phv.
)
(/private/var/folders/rc/xlxbh6n92qzbm6dh_qqcd56h0000gq/T/RtmpIKC29L/Rd2pdfb054
7e29166f/Rd2.toc [1


{/Users/hannah/Library/Application Support/MiKTeX/texmfs/data/pdftex/config/pdf
tex.map}])
\tf@toc=\write5
\openout5 = `Rd2.toc'.


Overfull \hbox (3.23822pt too wide) in paragraph at lines 66--72
\T1/ptm/m/n/10 of the executable should be specified: for windows OS, this mean
s path/plink.exe,
 []

[2]
Overfull \hbox (9.10655pt too wide) in paragraph at lines 82--95
\T1/ptm/m/n/10 automatic selection of individuals of European descent. It uses 
information from principal components
 []


Overfull \hbox (38.11765pt too wide) in paragraph at lines 82--95
\T1/ptm/m/n/10 1 and 2 returned by plink --pca to find the center of the Europe
an reference samples (mean(PC1_europeanRef),
 []


Overfull \hbox (20.10716pt too wide) in paragraph at lines 133--139
[]\T1/ptm/m/n/10 [character] /path/to/directory where prefixMergedDataset.eigen
vec results as returned
 []

[3]
Overfull \hbox (2.81857pt too wide) in paragraph at lines 144--150
[]\T1/ptm/m/n/10 [double] Scaling factor of radius to be drawn around center of
 European reference
 []


Overfull \hbox (60.92725pt too wide) in paragraph at lines 151--154
\T1/ptm/m/n/10 Identifiers have to be corresponding to population IDs [refColor
sPop] in refColorsfile/refColors. 
 []


Overfull \hbox (10.94775pt too wide) in paragraph at lines 155--160
\T1/ptm/m/n/10 to IIDs in prefixMergedDataset.eigenvec and population identifie
r [refSamplesPop]
 []


Overfull \hbox (4.36754pt too wide) in paragraph at lines 155--160
\T1/ptm/m/n/10 corresponding to population IDs [refColorsPop] in refColorsfile/
refColors. Either
 []


Overfull \hbox (11.247pt too wide) in paragraph at lines 166--170
\T1/ptm/m/n/10 identifiers [refSamplesIID] corresponding to IIDs in prefixMerge
dDataset.eigenvec
 []


Overfull \hbox (39.98755pt too wide) in paragraph at lines 166--170
\T1/ptm/m/n/10 and population identifier [refSamplesPop] corresponding to popul
ation IDs [refColorsPop]
 []


Overfull \hbox (1.32703pt too wide) in paragraph at lines 177--179
[]\T1/ptm/m/n/10 [character] Column name of reference sample IDs in refSamples/
refSamplesFile. 
 []


Overfull \hbox (46.00667pt too wide) in paragraph at lines 180--182
[]\T1/ptm/m/n/10 [character] Column name of reference sample population IDs in 
refSamples/refSamplesFile. 
 []


Overfull \hbox (31.567pt too wide) in paragraph at lines 186--188
[]\T1/ptm/m/n/10 [character] Column name of reference sample population IDs in 
refColors/refColorsFile. 
 []


Overfull \hbox (9.24702pt too wide) in paragraph at lines 199--204
\T1/ptm/m/n/10 Alternatively, set interactive=FALSE and save the returned plot 
object (p_ancestry)
 []


Overfull \hbox (19.67786pt too wide) in paragraph at lines 199--204
\T1/ptm/m/n/10 via ggplot2::ggsave(p=p_ancestry, other_arguments) or pdf(outfil
e) print(p_ancestry)
 []


Overfull \hbox (3.23822pt too wide) in paragraph at lines 207--213
\T1/ptm/m/n/10 of the executable should be specified: for windows OS, this mean
s path/plink.exe,
 []

[4]
LaTeX Font Info:    Font shape `T1/zi4/m/n' will be
(Font)              scaled to size 9.0pt on input line 228.

Underfull \hbox (badness 2495) in paragraph at lines 242--242
[]\T1/ptm/m/it/10 Identification of individuals with outlying missing genotype 
or
 []


Overfull \hbox (0.22789pt too wide) in paragraph at lines 245--260
\T1/ptm/m/n/10 by [][]\T1/zi4/m/n/10 check_relatedness[][][] \T1/ptm/m/n/10 as 
individuals that fail the relatedness filters. \T1/zi4/m/n/10 check_het_and_mis
s \T1/ptm/m/n/10 creates
 []

[5]
Overfull \hbox (23.74725pt too wide) in paragraph at lines 288--293
[]\T1/ptm/m/n/10 [character] /path/to/directory where name.het as returned by p
link --het and name.imiss
 []


Overfull \hbox (58.93738pt too wide) in paragraph at lines 288--293
\T1/ptm/m/n/10 as returned by plink --missing will be saved. Per default qcdir=
indir. If run.check_het_and_miss
 []


Overfull \hbox (19.96774pt too wide) in paragraph at lines 297--302
[]\T1/ptm/m/n/10 [double] Threshold for acceptable deviation from mean heterozy
gosity per individual.
 []


Overfull \hbox (13.01724pt too wide) in paragraph at lines 297--302
\T1/ptm/m/n/10 Expressed as multiples of standard deviation of heterozygosity (
het), i.e. individuals
 []


Overfull \hbox (14.26675pt too wide) in paragraph at lines 312--317
\T1/ptm/m/n/10 Alternatively, set interactive=FALSE and save the returned plot 
object (p_het_imiss)
 []


Overfull \hbox (32.26724pt too wide) in paragraph at lines 312--317
\T1/ptm/m/n/10 via ggplot2::ggsave(p=p_het_imiss , other_arguments) or pdf(outf
ile) print(p_het_imiss)
 []


Overfull \hbox (3.23822pt too wide) in paragraph at lines 320--326
\T1/ptm/m/n/10 of the executable should be specified: for windows OS, this mean
s path/plink.exe,
 []


Overfull \hbox (13.46974pt too wide) in paragraph at lines 333--342
[][]\T1/zi4/m/n/10 evaluate_check_het_and_miss[][][]\T1/ptm/m/n/10 . If run.che
ck_het_and_miss is TRUE, [][]\T1/zi4/m/n/10 run_check_heterozygosity[][][]
 []

[6] [7]
Overfull \hbox (8.69768pt too wide) in paragraph at lines 411--416
[]\T1/ptm/m/n/10 [character] /path/to/directory where results will be written t
o. If [][]\T1/zi4/m/n/10 perIndividualQC[][][]
 []


Overfull \hbox (33.15823pt too wide) in paragraph at lines 411--416
\T1/ptm/m/n/10 was conducted, this directory should be the same as qcdir specif
ied in [][]\T1/zi4/m/n/10 perIndividualQC[][][]\T1/ptm/m/n/10 ,
 []


Overfull \hbox (25.51834pt too wide) in paragraph at lines 419--424
\T1/ptm/m/n/10 via ggplot2::ggsave(p=p_hwe, other_arguments) or pdf(outfile) pr
int(p_hwe) dev.off(). 
 []


Overfull \hbox (3.23822pt too wide) in paragraph at lines 425--431
\T1/ptm/m/n/10 of the executable should be specified: for windows OS, this mean
s path/plink.exe,
 []


Overfull \hbox (20.11794pt too wide) in paragraph at lines 441--446
[]\T1/zi4/m/n/10 check_hwe \T1/ptm/m/n/10 uses plink --remove name.fail.IDs --h
ardy to calculate the observed and expected heterozygote
 []


Overfull \hbox (10.25697pt too wide) in paragraph at lines 441--446
\T1/ptm/m/n/10 frequencies per SNP in the individuals that passed the [][]\T1/z
i4/m/n/10 perIndividualQC[][][]\T1/ptm/m/n/10 . It does so without generating
 []

LaTeX Font Info:    Try loading font information for TS1+zi4 on input line 469.


("/Users/hannah/Library/Application Support/MiKTeX/texmfs/install/tex/latex/inc
onsolata/ts1zi4.fd"
File: ts1zi4.fd 2018/01/14 TS1/zi4 (Inconsolata)
)
LaTeX Font Info:    Font shape `TS1/zi4/m/n' will be
(Font)              scaled to size 9.0pt on input line 469.
 [8]
Overfull \hbox (8.69768pt too wide) in paragraph at lines 513--518
[]\T1/ptm/m/n/10 [character] /path/to/directory where results will be written t
o. If [][]\T1/zi4/m/n/10 perIndividualQC[][][]
 []


Overfull \hbox (33.15823pt too wide) in paragraph at lines 513--518
\T1/ptm/m/n/10 was conducted, this directory should be the same as qcdir specif
ied in [][]\T1/zi4/m/n/10 perIndividualQC[][][]\T1/ptm/m/n/10 ,
 []


Overfull \hbox (23.2981pt too wide) in paragraph at lines 527--532
\T1/ptm/m/n/10 via ggplot2::ggsave(p=p_maf, other_arguments) or pdf(outfile) pr
int(p_maf) dev.off(). 
 []


Overfull \hbox (3.23822pt too wide) in paragraph at lines 533--539
\T1/ptm/m/n/10 of the executable should be specified: for windows OS, this mean
s path/plink.exe,
 []

[9] [10]
Overfull \hbox (18.22731pt too wide) in paragraph at lines 626--628
[]\T1/ptm/m/n/10 [character] Prefix of PLINK files, i.e. name.bed, name.bim, na
me.fam, name.genome
 []


Overfull \hbox (8.78783pt too wide) in paragraph at lines 629--634
[]\T1/ptm/m/n/10 [character] /path/to/directory to where name.genome as returne
d by plink --genome
 []


Overfull \hbox (14.5179pt too wide) in paragraph at lines 629--634
\T1/ptm/m/n/10 assumed that plink --missing and plink --genome have been run an
d qcdir/name.imiss
 []


Overfull \hbox (1.00761pt too wide) in paragraph at lines 635--637
[]\T1/ptm/m/n/10 [double] Threshold for acceptable proportion of IBD between pa
ir of individuals. 
 []


Overfull \hbox (2.20741pt too wide) in paragraph at lines 638--642
[]\T1/ptm/m/n/10 [character] Name of the genome build of the PLINK file annotat
ions, ie mappings
 []


Overfull \hbox (3.23822pt too wide) in paragraph at lines 663--669
\T1/ptm/m/n/10 of the executable should be specified: for windows OS, this mean
s path/plink.exe,
 []

[11]
Overfull \hbox (2.8706pt too wide) in paragraph at lines 676--682
[][][]\T1/zi4/m/n/10 check_relatedness[][][] \T1/ptm/m/n/10 wraps around [][]\T
1/zi4/m/n/10 run_check_relatedness[][][] \T1/ptm/m/n/10 and [][]\T1/zi4/m/n/10 
evaluate_check_relatedness[][][]\T1/ptm/m/n/10 .
 []


Overfull \hbox (4.40755pt too wide) in paragraph at lines 689--705
\T1/ptm/m/n/10 value, based on just .fam/.ped relationship), Z0 (P(IBD=0)), Z1 
(P(IBD=1)), Z2 (P(IBD=2)), PI_HAT
 []

[12]
Overfull \hbox (1.60793pt too wide) in paragraph at lines 770--774
[]\T1/ptm/m/n/10 [character] /path/to/directory to save name.sexcheck as return
ed by plink --check-
 []


Overfull \hbox (46.59692pt too wide) in paragraph at lines 786--789
[]\T1/ptm/m/n/10 [data.frame, optional] Dataframe with sample IDs [externalSexI
D] and sex [externalSexSex]
 []


Overfull \hbox (12.25775pt too wide) in paragraph at lines 795--797
[]\T1/ptm/m/n/10 [character] Column identifier for column containing sex inform
ation in externalSex. 
 []


Overfull \hbox (9.62715pt too wide) in paragraph at lines 798--800
[]\T1/ptm/m/n/10 [character] Column identifier for column containing ID informa
tion in externalSex. 
 []


Overfull \hbox (12.42722pt too wide) in paragraph at lines 805--810
\T1/ptm/m/n/10 Alternatively, set interactive=FALSE and save the returned plot 
object (p_sexcheck)
 []


Overfull \hbox (26.68814pt too wide) in paragraph at lines 805--810
\T1/ptm/m/n/10 via ggplot2::ggsave(p=p_sexcheck, other_arguments) or pdf(outfil
e) print(p_sexcheck)
 []

[13]
Overfull \hbox (3.23822pt too wide) in paragraph at lines 816--822
\T1/ptm/m/n/10 of the executable should be specified: for windows OS, this mean
s path/plink.exe,
 []


Overfull \hbox (33.69682pt too wide) in paragraph at lines 841--848
\T1/ptm/m/n/10 heterozygosity (SNPSEX) of the sample split by their (PEDSEX), w
hich can be shown by print(p_sexcheck). 
 []

[14]
Overfull \hbox (8.69768pt too wide) in paragraph at lines 895--900
[]\T1/ptm/m/n/10 [character] /path/to/directory where results will be written t
o. If [][]\T1/zi4/m/n/10 perIndividualQC[][][]
 []


Overfull \hbox (33.15823pt too wide) in paragraph at lines 895--900
\T1/ptm/m/n/10 was conducted, this directory should be the same as qcdir specif
ied in [][]\T1/zi4/m/n/10 perIndividualQC[][][]\T1/ptm/m/n/10 ,
 []


Overfull \hbox (3.23822pt too wide) in paragraph at lines 910--916
\T1/ptm/m/n/10 of the executable should be specified: for windows OS, this mean
s path/plink.exe,
 []

[15] [16]
Overfull \hbox (8.69768pt too wide) in paragraph at lines 1006--1011
[]\T1/ptm/m/n/10 [character] /path/to/directory where results will be written t
o. If [][]\T1/zi4/m/n/10 perIndividualQC[][][]
 []


Overfull \hbox (33.15823pt too wide) in paragraph at lines 1006--1011
\T1/ptm/m/n/10 was conducted, this directory should be the same as qcdir specif
ied in [][]\T1/zi4/m/n/10 perIndividualQC[][][]\T1/ptm/m/n/10 ,
 []


Overfull \hbox (21.31879pt too wide) in paragraph at lines 1017--1023
\T1/ptm/m/n/10 rates (via [][]\T1/zi4/m/n/10 check_het_and_miss[][][] \T1/ptm/m
/n/10 or [][]\T1/zi4/m/n/10 perIndividualQC[][][]\T1/ptm/m/n/10 ). Requires fil
e qcdir/name.fail-
 []


Overfull \hbox (33.99733pt too wide) in paragraph at lines 1017--1023
\T1/ptm/m/n/10 het.IDs (automatically created by [][]\T1/zi4/m/n/10 perIndividu
alQC[][][] \T1/ptm/m/n/10 if do.evaluate_check_het_and_miss
 []


Overfull \hbox (21.31879pt too wide) in paragraph at lines 1024--1030
\T1/ptm/m/n/10 rates (via [][]\T1/zi4/m/n/10 check_het_and_miss[][][] \T1/ptm/m
/n/10 or [][]\T1/zi4/m/n/10 perIndividualQC[][][]\T1/ptm/m/n/10 ). Requires fil
e qcdir/name.fail-
 []


Overfull \hbox (42.89696pt too wide) in paragraph at lines 1024--1030
\T1/ptm/m/n/10 imiss.IDs (automatically created by [][]\T1/zi4/m/n/10 perIndivi
dualQC[][][] \T1/ptm/m/n/10 if do.evaluate_check_het_and_miss
 []


Overfull \hbox (0.46788pt too wide) in paragraph at lines 1031--1035
\T1/ptm/m/n/10 or [][]\T1/zi4/m/n/10 perIndividualQC[][][]\T1/ptm/m/n/10 ). Req
uires file qcdir/name.fail-ancestry.IDs (automatically
 []


Overfull \hbox (24.62778pt too wide) in paragraph at lines 1036--1040
[]\T1/ptm/m/n/10 [logical] Set to exclude samples that failed relatedness check
 (via [][]\T1/zi4/m/n/10 check_relatedness[][][]
 []


Overfull \hbox (15.7877pt too wide) in paragraph at lines 1036--1040
\T1/ptm/m/n/10 or [][]\T1/zi4/m/n/10 perIndividualQC[][][]\T1/ptm/m/n/10 ). Req
uires file qcdir/name.fail-IBD.IDs (automatically created
 []


Overfull \hbox (3.23822pt too wide) in paragraph at lines 1064--1070
\T1/ptm/m/n/10 of the executable should be specified: for windows OS, this mean
s path/plink.exe,
 []

[17] [18]
Overfull \hbox (30.55664pt too wide) in paragraph at lines 1168--1171
[]\T1/ptm/m/n/10 [character] /path/to/directory/with/QC/results containing pref
ixMergedDataset.eigenvec
 []


Overfull \hbox (2.81857pt too wide) in paragraph at lines 1172--1177
[]\T1/ptm/m/n/10 [double] Scaling factor of radius to be drawn around center of
 European reference
 []


Overfull \hbox (10.94775pt too wide) in paragraph at lines 1178--1183
\T1/ptm/m/n/10 to IIDs in prefixMergedDataset.eigenvec and population identifie
r [refSamplesPop]
 []


Overfull \hbox (4.36754pt too wide) in paragraph at lines 1178--1183
\T1/ptm/m/n/10 corresponding to population IDs [refColorsPop] in refColorsfile/
refColors. Either
 []


Overfull \hbox (11.247pt too wide) in paragraph at lines 1189--1195
\T1/ptm/m/n/10 identifiers [refSamplesIID] corresponding to IIDs in prefixMerge
dDataset.eigenvec
 []


Overfull \hbox (39.98755pt too wide) in paragraph at lines 1189--1195
\T1/ptm/m/n/10 and population identifier [refSamplesPop] corresponding to popul
ation IDs [refColorsPop]
 []


Overfull \hbox (1.32703pt too wide) in paragraph at lines 1203--1205
[]\T1/ptm/m/n/10 [character] Column name of reference sample IDs in refSamples/
refSamplesFile. 
 []


Overfull \hbox (46.00667pt too wide) in paragraph at lines 1206--1208
[]\T1/ptm/m/n/10 [character] Column name of reference sample population IDs in 
refSamples/refSamplesFile. 
 []

[19]
Overfull \hbox (31.567pt too wide) in paragraph at lines 1212--1214
[]\T1/ptm/m/n/10 [character] Column name of reference sample population IDs in 
refColors/refColorsFile. 
 []


Overfull \hbox (60.92725pt too wide) in paragraph at lines 1218--1221
\T1/ptm/m/n/10 Identifiers have to be corresponding to population IDs [refColor
sPop] in refColorsfile/refColors. 
 []


Overfull \hbox (9.24702pt too wide) in paragraph at lines 1224--1229
\T1/ptm/m/n/10 Alternatively, set interactive=FALSE and save the returned plot 
object (p_ancestry)
 []


Overfull \hbox (19.67786pt too wide) in paragraph at lines 1224--1229
\T1/ptm/m/n/10 via ggplot2::ggsave(p=p_ancestry, other_arguments) or pdf(outfil
e) print(p_ancestry)
 []


Overfull \hbox (25.34023pt too wide) in paragraph at lines 1233--1236
[]\T1/ptm/m/n/10 Both [][]\T1/zi4/m/n/10 run_check_ancestry[][][] \T1/ptm/m/n/1
0 and [][]\T1/zi4/m/n/10 evaluate_check_ancestry[][][] \T1/ptm/m/n/10 can simpl
y be invoked by [][]\T1/zi4/m/n/10 check_ancestry[][][]\T1/ptm/m/n/10 . 
 []


Overfull \hbox (26.35898pt too wide) in paragraph at lines 1263--1280
\T1/ptm/m/n/10 --het (heterozygosity rates per individual) via [][]\T1/zi4/m/n/
10 run_check_heterozygosity[][][] \T1/ptm/m/n/10 and [][]\T1/zi4/m/n/10 run_che
ck_missingness[][][]
 []


Overfull \hbox (11.52669pt too wide) in paragraph at lines 1263--1280
\T1/ptm/m/n/10 (hz) rates per individual are often proxies for DNA sample quali
ty. Larger than expected heterozygosity
 []


Overfull \hbox (21.83809pt too wide) in paragraph at lines 1263--1280
\T1/ptm/m/n/10 hz_mean = (N-O)/N, where N: number of non-missing genotypes and 
O:observed number of homozygous
 []

[20]
Overfull \hbox (5.94664pt too wide) in paragraph at lines 1297--1300
[]\T1/ptm/m/n/10 [character] path/to/directory/with/QC/results containing name.
imiss and name.het
 []


Overfull \hbox (14.26675pt too wide) in paragraph at lines 1316--1321
\T1/ptm/m/n/10 Alternatively, set interactive=FALSE and save the returned plot 
object (p_het_imiss)
 []


Overfull \hbox (32.26724pt too wide) in paragraph at lines 1316--1321
\T1/ptm/m/n/10 via ggplot2::ggsave(p=p_het_imiss , other_arguments) or pdf(outf
ile) print(p_het_imiss)
 []


Overfull \hbox (4.84067pt too wide) in paragraph at lines 1325--1329
[]\T1/ptm/m/n/10 All, [][]\T1/zi4/m/n/10 run_check_heterozygosity[][][]\T1/ptm/
m/n/10 , [][]\T1/zi4/m/n/10 run_check_missingness[][][] \T1/ptm/m/n/10 and [][]
\T1/zi4/m/n/10 evaluate_check_het_and_miss[][][]
 []

[21]
Overfull \hbox (25.2874pt too wide) in paragraph at lines 1366--1383
[]\T1/ptm/m/n/10 Evaluates and depicts results from plink --genome on the LD pr
uned dataset (via [][]\T1/zi4/m/n/10 run_check_relatedness[][][]
 []


Overfull \hbox (25.38658pt too wide) in paragraph at lines 1400--1403
[]\T1/ptm/m/n/10 [character] path/to/directory/with/QC/results containing name.
imiss and name.genome
 []


Overfull \hbox (18.22731pt too wide) in paragraph at lines 1404--1406
[]\T1/ptm/m/n/10 [character] Prefix of PLINK files, i.e. name.bed, name.bim, na
me.fam, name.genome
 []


Overfull \hbox (1.00761pt too wide) in paragraph at lines 1407--1409
[]\T1/ptm/m/n/10 [double] Threshold for acceptable proportion of IBD between pa
ir of individuals. 
 []

[22]
Overfull \hbox (4.40755pt too wide) in paragraph at lines 1434--1450
\T1/ptm/m/n/10 value, based on just .fam/.ped relationship), Z0 (P(IBD=0)), Z1 
(P(IBD=1)), Z2 (P(IBD=2)), PI_HAT
 []


Overfull \hbox (5.94699pt too wide) in paragraph at lines 1467--1482
\T1/ptm/m/n/10 sex check). Takes file qcdir/name.sexcheck and returns IIDs for 
samples whose SNPSEX != PEDSEX
 []

[23]
Overfull \hbox (2.49747pt too wide) in paragraph at lines 1521--1524
[]\T1/ptm/m/n/10 [data.frame, optional] with sample IDs [externalSexID] and sex
 [externalSexSex]
 []


Overfull \hbox (6.31805pt too wide) in paragraph at lines 1529--1532
\T1/ptm/m/n/10 name.bed, name.fam files; only required of fixMixup==TRUE. User 
needs writing
 []


Overfull \hbox (12.25775pt too wide) in paragraph at lines 1538--1540
[]\T1/ptm/m/n/10 [character] Column identifier for column containing sex inform
ation in externalSex. 
 []


Overfull \hbox (9.62715pt too wide) in paragraph at lines 1541--1543
[]\T1/ptm/m/n/10 [character] Column identifier for column containing ID informa
tion in externalSex. 
 []


Overfull \hbox (3.23822pt too wide) in paragraph at lines 1549--1555
\T1/ptm/m/n/10 of the executable should be specified: for windows OS, this mean
s path/plink.exe,
 []

[24]
Overfull \hbox (12.42722pt too wide) in paragraph at lines 1559--1564
\T1/ptm/m/n/10 Alternatively, set interactive=FALSE and save the returned plot 
object (p_sexcheck)
 []


Overfull \hbox (26.68814pt too wide) in paragraph at lines 1559--1564
\T1/ptm/m/n/10 via ggplot2::ggsave(p=p_sexcheck, other_arguments) or pdf(outfil
e) print(p_sexcheck)
 []


Overfull \hbox (12.77753pt too wide) in paragraph at lines 1615--1629
\T1/ptm/m/n/10 relatedness threshold highIBDTh, iii) outlying_heterozygosity co
ntaining a [vector]
 []


Overfull \hbox (34.78687pt too wide) in paragraph at lines 1615--1629
\T1/ptm/m/n/10 with sample IIDs failing selected the heterozygosity threshold h
etTh, iv) mismatched_sex
 []


Overfull \hbox (3.83801pt too wide) in paragraph at lines 1615--1629
\T1/ptm/m/n/10 containing a [vector] with the sample IIDs failing the sexcheck 
based on SNPSEX
 []


Overfull \hbox (3.048pt too wide) in paragraph at lines 1615--1629
\T1/ptm/m/n/10 failing the ancestry check based on the selected europeanTh and 
vi) p_sampleQC,
 []


Overfull \hbox (3.5183pt too wide) in paragraph at lines 1615--1629
\T1/ptm/m/n/10 a ggplot2-object 'containing' a sub-paneled plot with the QC-plo
ts of [][]\T1/zi4/m/n/10 check_sex[][][]\T1/ptm/m/n/10 ,
 []

[25]
Overfull \hbox (12.58736pt too wide) in paragraph at lines 1630--1635
\T1/ptm/m/n/10 Alternatively, set interactive=FALSE and save the returned plot 
object (p_overview)
 []


Overfull \hbox (26.35852pt too wide) in paragraph at lines 1630--1635
\T1/ptm/m/n/10 via ggplot2::ggsave(p=p_overview, other_arguments) or pdf(outfil
e) print(p_overview)
 []

[26]
Overfull \hbox (22.43733pt too wide) in paragraph at lines 1686--1694
\T1/ptm/m/n/10 threshold hweTh and 3. maf, containing SNPs failing the MAF thre
shold mafTh/MAC
 []


Overfull \hbox (6.48802pt too wide) in paragraph at lines 1686--1694
\T1/ptm/m/n/10 threshold macTh and ii) p_markerQC, a ggplot2-object 'containing
' a sub-paneled
 []


Overfull \hbox (12.58736pt too wide) in paragraph at lines 1695--1700
\T1/ptm/m/n/10 Alternatively, set interactive=FALSE and save the returned plot 
object (p_overview)
 []


Overfull \hbox (26.35852pt too wide) in paragraph at lines 1695--1700
\T1/ptm/m/n/10 via ggplot2::ggsave(p=p_overview, other_arguments) or pdf(outfil
e) print(p_overview)
 []


Overfull \hbox (6.40567pt too wide) in paragraph at lines 1732--1736
[]\T1/ptm/m/n/10 perIndividualQC checks the samples in the plink dataset for th
eir total missingness and heterozygosity
 []

[27] [28]
Overfull \hbox (3.99721pt too wide) in paragraph at lines 1797--1807
[]\T1/ptm/m/n/10 [character] /path/to/directory where results will be saved. Pe
r default, qcdir=indir.
 []


Overfull \hbox (46.31755pt too wide) in paragraph at lines 1797--1807
\T1/ptm/m/n/10 If do.evaluate_[analysis] is set to TRUE and do.run_[analysis] i
s FALSE, \T1/zi4/m/n/10 perIndividualQC
 []


Overfull \hbox (16.90773pt too wide) in paragraph at lines 1797--1807
\T1/ptm/m/n/10 name.sexcheck, do.evaluate_check_het_and_miss expects name.het a
nd name.imiss,
 []


Overfull \hbox (88.297pt too wide) in paragraph at lines 1797--1807
\T1/ptm/m/n/10 do.evaluate_check_relatedness expects name.genome and name.imiss
 and do.evaluate_check_ancestry
 []


Overfull \hbox (8.95856pt too wide) in paragraph at lines 1797--1807
\T1/ptm/m/n/10 expects prefixMergeData.eigenvec. If these files are not present
 \T1/zi4/m/n/10 perIndividualQC
 []


Overfull \hbox (26.72849pt too wide) in paragraph at lines 1808--1811
[]\T1/ptm/m/n/10 [logical] If TRUE, no sex check will be conducted; short for d
o.run_check_sex=FALSE
 []


Overfull \hbox (46.59692pt too wide) in paragraph at lines 1823--1826
[]\T1/ptm/m/n/10 [data.frame, optional] Dataframe with sample IDs [externalSexI
D] and sex [externalSexSex]
 []


Overfull \hbox (12.25775pt too wide) in paragraph at lines 1829--1831
[]\T1/ptm/m/n/10 [character] Column identifier for column containing sex inform
ation in externalSex. 
 []


Overfull \hbox (9.62715pt too wide) in paragraph at lines 1832--1834
[]\T1/ptm/m/n/10 [character] Column identifier for column containing ID informa
tion in externalSex. 
 []


Overfull \hbox (18.3481pt too wide) in paragraph at lines 1842--1848
\T1/ptm/m/n/10 short for do.run_check_heterozygosity=FALSE, do.run_check_missin
gness=FALSE
 []


Overfull \hbox (82.8881pt too wide) in paragraph at lines 1842--1848
\T1/ptm/m/n/10 and do.evaluate_check_het_and_miss=FALSE. Takes precedence over 
do.run_check_heterozygosity,
 []


Overfull \hbox (14.97025pt too wide) in paragraph at lines 1849--1852
[]\T1/ptm/m/n/10 [logical] If TRUE, run [][]\T1/zi4/m/n/10 run_check_heterozygo
sity[][][] \T1/ptm/m/n/10 and [][]\T1/zi4/m/n/10 run_check_missingness[][][] 
 []


Overfull \hbox (19.96774pt too wide) in paragraph at lines 1859--1864
[]\T1/ptm/m/n/10 [double] Threshold for acceptable deviation from mean heterozy
gosity per individual.
 []


Overfull \hbox (13.01724pt too wide) in paragraph at lines 1859--1864
\T1/ptm/m/n/10 Expressed as multiples of standard deviation of heterozygosity (
het), i.e. individuals
 []


Overfull \hbox (89.2272pt too wide) in paragraph at lines 1865--1869
[]\T1/ptm/m/n/10 [logical] If TRUE, no relatedness check will be conducted; sho
rt for do.run_check_relatedness=FALSE
 []


Overfull \hbox (56.0179pt too wide) in paragraph at lines 1865--1869
\T1/ptm/m/n/10 and do.evaluate_check_relatedness=FALSE. Takes precedence over d
o.run_check_relatedness
 []

[29]
Overfull \hbox (1.00761pt too wide) in paragraph at lines 1876--1878
[]\T1/ptm/m/n/10 [double] Threshold for acceptable proportion of IBD between pa
ir of individuals. 
 []


Overfull \hbox (2.20741pt too wide) in paragraph at lines 1882--1886
[]\T1/ptm/m/n/10 [character] Name of the genome build of the PLINK file annotat
ions, ie mappings
 []


Overfull \hbox (67.00775pt too wide) in paragraph at lines 1887--1891
[]\T1/ptm/m/n/10 [logical] If TRUE, no ancestry check will be conducted; short 
for do.run_check_ancestry=FALSE
 []


Overfull \hbox (33.79845pt too wide) in paragraph at lines 1887--1891
\T1/ptm/m/n/10 and do.evaluate_check_ancestry=FALSE. Takes precedence over do.r
un_check_ancestry
 []


Overfull \hbox (2.81857pt too wide) in paragraph at lines 1902--1908
[]\T1/ptm/m/n/10 [double] Scaling factor of radius to be drawn around center of
 European reference
 []


Overfull \hbox (10.94775pt too wide) in paragraph at lines 1909--1914
\T1/ptm/m/n/10 to IIDs in prefixMergedDataset.eigenvec and population identifie
r [refSamplesPop]
 []


Overfull \hbox (4.36754pt too wide) in paragraph at lines 1909--1914
\T1/ptm/m/n/10 corresponding to population IDs [refColorsPop] in refColorsfile/
refColors. Either
 []


Overfull \hbox (11.247pt too wide) in paragraph at lines 1920--1924
\T1/ptm/m/n/10 identifiers [refSamplesIID] corresponding to IIDs in prefixMerge
dDataset.eigenvec
 []


Overfull \hbox (39.98755pt too wide) in paragraph at lines 1920--1924
\T1/ptm/m/n/10 and population identifier [refSamplesPop] corresponding to popul
ation IDs [refColorsPop]
 []


Overfull \hbox (1.32703pt too wide) in paragraph at lines 1931--1933
[]\T1/ptm/m/n/10 [character] Column name of reference sample IDs in refSamples/
refSamplesFile. 
 []


Overfull \hbox (46.00667pt too wide) in paragraph at lines 1934--1936
[]\T1/ptm/m/n/10 [character] Column name of reference sample population IDs in 
refSamples/refSamplesFile. 
 []


Overfull \hbox (31.567pt too wide) in paragraph at lines 1940--1942
[]\T1/ptm/m/n/10 [character] Column name of reference sample population IDs in 
refColors/refColorsFile. 
 []


Overfull \hbox (18.14691pt too wide) in paragraph at lines 1948--1963
\T1/ptm/m/n/10 Alternatively, set interactive=FALSE and save the returned plot 
object (p_sampleQC)
 []


Overfull \hbox (38.00754pt too wide) in paragraph at lines 1948--1963
\T1/ptm/m/n/10 via ggplot2::ggsave(p=p_sampleQC, other_arguments) or pdf(outfil
e) print(p_sampleQC)
 []


Overfull \hbox (2.95776pt too wide) in paragraph at lines 1948--1963
\T1/ptm/m/n/10 heterozygosity rates on the y-axis (if do.evaluate_check_het_and
_miss is TRUE),
 []


Overfull \hbox (22.86623pt too wide) in paragraph at lines 1948--1963
\T1/ptm/m/n/10 iii) depicts all pair-wise IBD-estimates as histogram (if do.eva
luate_check_relatedness
 []

[30]
Overfull \hbox (3.23822pt too wide) in paragraph at lines 1966--1972
\T1/ptm/m/n/10 of the executable should be specified: for windows OS, this mean
s path/plink.exe,
 []


Overfull \hbox (50.44963pt too wide) in paragraph at lines 1988--2002
[][]\T1/zi4/m/n/10 check_het_and_miss[][][]\T1/ptm/m/n/10 , [][]\T1/zi4/m/n/10 
check_relatedness[][][] \T1/ptm/m/n/10 and [][]\T1/zi4/m/n/10 check_ancestry[][
][]\T1/ptm/m/n/10 , which can be shown by print(p_sampleQC).
 []

[31]
Overfull \hbox (1.6264pt too wide) in paragraph at lines 2030--2042
\T1/ptm/m/n/10 their deviation from Hardy-Weinberg-Equilibrium (HWE) and their 
minor allele frequencies (MAF).
 []


Overfull \hbox (8.69768pt too wide) in paragraph at lines 2070--2075
[]\T1/ptm/m/n/10 [character] /path/to/directory where results will be written t
o. If [][]\T1/zi4/m/n/10 perIndividualQC[][][]
 []


Overfull \hbox (33.15823pt too wide) in paragraph at lines 2070--2075
\T1/ptm/m/n/10 was conducted, this directory should be the same as qcdir specif
ied in [][]\T1/zi4/m/n/10 perIndividualQC[][][]\T1/ptm/m/n/10 ,
 []

[32]
Overfull \hbox (4.14716pt too wide) in paragraph at lines 2096--2101
\T1/ptm/m/n/10 Alternatively, set interactive=FALSE and save the returned plot 
object (p_marker)
 []


Overfull \hbox (9.7281pt too wide) in paragraph at lines 2096--2101
\T1/ptm/m/n/10 via ggplot2::ggsave(p=p_marker, other_arguments) or pdf(outfile)
 print(p_marker)
 []


Overfull \hbox (3.23822pt too wide) in paragraph at lines 2104--2110
\T1/ptm/m/n/10 of the executable should be specified: for windows OS, this mean
s path/plink.exe,
 []

[33]
Underfull \hbox (badness 1867) in paragraph at lines 2152--2152
[]\T1/ptm/m/it/10 Remove related individuals while keeping maximum number of
 []


Overfull \hbox (48.66592pt too wide) in paragraph at lines 2196--2204
[]\T1/ptm/m/n/10 [data.frame] containing pair-wise relatedness estimates (in co
lumn [relatednessRelatedness])
 []


Overfull \hbox (47.65729pt too wide) in paragraph at lines 2196--2204
\T1/ptm/m/n/10 for individual 1 (in column [relatednessIID1] and individual 2 (
in column [relatednessIID1]).
 []


Overfull \hbox (33.96696pt too wide) in paragraph at lines 2205--2210
\T1/ptm/m/n/10 individual (in column [otherCriterionIID]). otherCriterionMeasur
e and otherCriterionIID
 []

[34]
Overfull \hbox (16.65674pt too wide) in paragraph at lines 2219--2225
\T1/ptm/m/n/10 'gt', individuals whose otherCriterionMeasure > otherCriterionTh
 will automatically
 []


Overfull \hbox (15.65755pt too wide) in paragraph at lines 2248--2250
[]\T1/ptm/m/n/10 [character] Column name of the column containing the measure o
f the otherCriterion
 []


Overfull \hbox (3.01758pt too wide) in paragraph at lines 2268--2270
[]\T1/ptm/m/n/10 Run plink --pca to calculate the principal components on merge
d genotypes of the study and reference
 []

[35]
Overfull \hbox (154.73499pt too wide) in paragraph at lines 2287--2290
[]\T1/ptm/m/n/10 [character] /path/to/directory containing the basic PLINK data
 files prefixMergedDataset.bim,prefixMergedDataset.fam
 []


Overfull \hbox (32.52765pt too wide) in paragraph at lines 2291--2294
[]\T1/ptm/m/n/10 [character] Prefix of merged study and reference data files, i
.e. prefixMergedDataset.bed,
 []


Overfull \hbox (3.23822pt too wide) in paragraph at lines 2301--2307
\T1/ptm/m/n/10 of the executable should be specified: for windows OS, this mean
s path/plink.exe,
 []


Overfull \hbox (7.96942pt too wide) in paragraph at lines 2314--2317
[]\T1/ptm/m/n/10 Both, [][]\T1/zi4/m/n/10 run_check_ancestry[][][] \T1/ptm/m/n/
10 and its evaluation by [][]\T1/zi4/m/n/10 evaluate_check_ancestry[][][] \T1/p
tm/m/n/10 can simply be invoked
 []

[36]
Overfull \hbox (3.23822pt too wide) in paragraph at lines 2366--2372
\T1/ptm/m/n/10 of the executable should be specified: for windows OS, this mean
s path/plink.exe,
 []


Overfull \hbox (80.02992pt too wide) in paragraph at lines 2379--2383
[]\T1/ptm/m/n/10 All, [][]\T1/zi4/m/n/10 run_check_heterozygosity[][][]\T1/ptm/
m/n/10 , [][]\T1/zi4/m/n/10 run_check_missingness[][][] \T1/ptm/m/n/10 and thei
r evaluation by [][]\T1/zi4/m/n/10 evaluate_check_het_and_miss[][][]
 []

[37]
Overfull \hbox (3.23822pt too wide) in paragraph at lines 2433--2439
\T1/ptm/m/n/10 of the executable should be specified: for windows OS, this mean
s path/plink.exe,
 []


Overfull \hbox (80.02992pt too wide) in paragraph at lines 2446--2450
[]\T1/ptm/m/n/10 All, [][]\T1/zi4/m/n/10 run_check_heterozygosity[][][]\T1/ptm/
m/n/10 , [][]\T1/zi4/m/n/10 run_check_missingness[][][] \T1/ptm/m/n/10 and thei
r evaluation by [][]\T1/zi4/m/n/10 evaluate_check_het_and_miss[][][]
 []

[38]
Overfull \hbox (22.49733pt too wide) in paragraph at lines 2469--2478
\T1/ptm/m/n/10 highldfile contains regions of high LD as provided by Anderson e
t (2010) Nature Protocols. Subsequently,
 []


Overfull \hbox (4.27794pt too wide) in paragraph at lines 2504--2507
[]\T1/ptm/m/n/10 [character] /path/to/directory to save name.genome as returned
 by plink --genome.
 []


Overfull \hbox (1.2875pt too wide) in paragraph at lines 2508--2511
[]\T1/ptm/m/n/10 [double] Threshold for acceptable proportion of IBD between pa
ir of individuals;
 []


Overfull \hbox (3.23822pt too wide) in paragraph at lines 2515--2521
\T1/ptm/m/n/10 of the executable should be specified: for windows OS, this mean
s path/plink.exe,
 []


Overfull \hbox (2.20741pt too wide) in paragraph at lines 2522--2526
[]\T1/ptm/m/n/10 [character] Name of the genome build of the PLINK file annotat
ions, ie mappings
 []

[39]
Overfull \hbox (1.60793pt too wide) in paragraph at lines 2594--2597
[]\T1/ptm/m/n/10 [character] /path/to/directory to save name.sexcheck as return
ed by plink --check-
 []


Overfull \hbox (3.23822pt too wide) in paragraph at lines 2600--2606
\T1/ptm/m/n/10 of the executable should be specified: for windows OS, this mean
s path/plink.exe,
 []

[40]
Overfull \hbox (4.74945pt too wide) in paragraph at lines 2613--2616
[]\T1/ptm/m/n/10 Both [][]\T1/zi4/m/n/10 run_check_sex[][][] \T1/ptm/m/n/10 and
 its evaluation [][]\T1/zi4/m/n/10 evaluate_check_sex[][][] \T1/ptm/m/n/10 can 
simply be invoked by [][]\T1/zi4/m/n/10 check_sex[][][]\T1/ptm/m/n/10 . 
 []


(/private/var/folders/rc/xlxbh6n92qzbm6dh_qqcd56h0000gq/T/RtmpIKC29L/Rd2pdfb054
7e29166f/Rd2.ind [41] [42


])
Package atveryend Info: Empty hook `BeforeClearDocument' on input line 2658.
Package atveryend Info: Empty hook `AfterLastShipout' on input line 2658.

(/private/var/folders/rc/xlxbh6n92qzbm6dh_qqcd56h0000gq/T/RtmpIKC29L/Rd2pdfb054
7e29166f/Rd2.aux)
Package atveryend Info: Executing hook `AtVeryEndDocument' on input line 2658.
Package atveryend Info: Executing hook `AtEndAfterFileList' on input line 2658.

Package rerunfilecheck Info: File `Rd2.out' has not changed.
(rerunfilecheck)             Checksum: 990A0ADDD4003B4D19C791F6FF53DF02;1840.
Package atveryend Info: Empty hook `AtVeryVeryEnd' on input line 2658.
 ) 
Here is how much of TeX's memory you used:
 6532 strings out of 494865
 98918 string characters out of 3176570
 177978 words of memory out of 3000000
 9870 multiletter control sequences out of 15000+200000
 38474 words of font info for 49 fonts, out of 3000000 for 9000
 0 hyphenation exceptions out of 8191
 38i,6n,36p,282b,590s stack positions out of 5000i,500n,10000p,200000b,50000s
pdfTeX warning (dest): name{Rfn.upset} has been referenced but does not exist
, replaced by a fixed one

pdfTeX warning (dest): name{Rfn.exec} has been referenced but does not exist, r
eplaced by a fixed one

{/Users/hannah/Library/Application Support/MiKTeX/texmfs/install/fonts/enc/dvip
s/inconsolata/i4-ts1.enc}{/Users/hannah/Library/Application Support/MiKTeX/texm
fs/install/fonts/enc/dvips/base/8r.enc}{/Users/hannah/Library/Application Suppo
rt/MiKTeX/texmfs/install/fonts/enc/dvips/inconsolata/i4-t1-0.enc}</Users/hannah
/Library/Application Support/MiKTeX/texmfs/install/fonts/type1/public/inconsola
ta/Inconsolata-zi4r.pfb></Users/hannah/Library/Application Support/MiKTeX/texmf
s/install/fonts/type1/urw/helvetic/uhvr8a.pfb></Users/hannah/Library/Applicatio
n Support/MiKTeX/texmfs/install/fonts/type1/urw/times/utmb8a.pfb></Users/hannah
/Library/Application Support/MiKTeX/texmfs/install/fonts/type1/urw/times/utmr8a
.pfb></Users/hannah/Library/Application Support/MiKTeX/texmfs/install/fonts/typ
e1/urw/times/utmr8a.pfb></Users/hannah/Library/Application Support/MiKTeX/texmf
s/install/fonts/type1/urw/times/utmri8a.pfb>
Output written on Rd2.pdf (42 pages, 295209 bytes).
PDF statistics:
 880 PDF objects out of 1000 (max. 8388607)
 224 named destinations out of 1000 (max. 500000)
 201 words of extra memory for PDF output out of 10000 (max. 10000000)

