PLINK v1.90b6.5 64-bit (13 Sep 2018)
Options in effect:
  --bfile /Users/hannah/RPackagesDevel/plinkQC/inst/extdata/data
  --freq
  --out /Users/hannah/RPackagesDevel/plinkQC/inst/extdata/data.no_failIDs
  --remove /Users/hannah/RPackagesDevel/plinkQC/inst/extdata/data.fail.IDs

Hostname: hannahmbpr
Working directory: /private/var/folders/rc/xlxbh6n92qzbm6dh_qqcd56h0000gq/T/Rtmpman8b8/Rbuild37f246298134/plinkQC/vignettes
Start time: Thu Oct 11 21:26:29 2018

Random number seed: 1539289589
16384 MB RAM detected; reserving 8192 MB for main workspace.
10000 variants loaded from .bim file.
200 people (89 males, 111 females) loaded from .fam.
--remove: 178 people remaining.
Using 1 thread (no multithreaded calculations invoked).
Before main variant filters, 178 founders and 0 nonfounders present.
Calculating allele frequencies... done.
Warning: 76 het. haploid genotypes present (see
/Users/hannah/RPackagesDevel/plinkQC/inst/extdata/data.no_failIDs.hh ); many
commands treat these as missing.
Total genotyping rate in remaining samples is 0.997103.
--freq: Allele frequencies (founders only) written to
/Users/hannah/RPackagesDevel/plinkQC/inst/extdata/data.no_failIDs.frq .

End time: Thu Oct 11 21:26:29 2018
