PLINK v1.90b6.5 64-bit (13 Sep 2018)
Options in effect:
  --bfile /Users/hannah/RPackagesDevel/plinkQC/extdata/data
  --freq
  --out /Users/hannah/RPackagesDevel/plinkQC/extdata/data.no_failIDs
  --remove /Users/hannah/RPackagesDevel/plinkQC/extdata/data.fail.IDs

Hostname: hannahmbpr
Working directory: /Users/hannah/RPackagesDevel/plinkQC/vignettes
Start time: Thu Nov  8 15:52:58 2018

Random number seed: 1541692378
16384 MB RAM detected; reserving 8192 MB for main workspace.
10000 variants loaded from .bim file.
200 people (89 males, 111 females) loaded from .fam.
--remove: 148 people remaining.
Using 1 thread (no multithreaded calculations invoked).
Before main variant filters, 148 founders and 0 nonfounders present.
Calculating allele frequencies... done.
Warning: 65 het. haploid genotypes present (see
/Users/hannah/RPackagesDevel/plinkQC/extdata/data.no_failIDs.hh ); many
commands treat these as missing.
Total genotyping rate in remaining samples is 0.997125.
--freq: Allele frequencies (founders only) written to
/Users/hannah/RPackagesDevel/plinkQC/extdata/data.no_failIDs.frq .

End time: Thu Nov  8 15:52:58 2018
