PLINK v1.90b6.27 64-bit (10 Dec 2022)
Options in effect:
  --bfile /Users/meyerlab/RpackageDevelopment/plinkQC/extdata/data
  --extract /Users/meyerlab/RpackageDevelopment/plinkQC/extdata/data_hg38.snps
  --make-bed
  --out /Users/meyerlab/RpackageDevelopment/plinkQC/extdata/data_hg38
  --update-map /Users/meyerlab/RpackageDevelopment/plinkQC/extdata/data_hg38.pos

Hostname: lagopus.cshl.edu
Working directory: /Users/meyerlab/RpackageDevelopment/plinkQC/extdata
Start time: Tue Jan 10 13:59:18 2023

Random number seed: 1673377158
32768 MB RAM detected; reserving 16384 MB for main workspace.
10000 variants loaded from .bim file.
200 people (89 males, 111 females) loaded from .fam.
--update-map: 9994 values updated.
Warning: Base-pair positions are now unsorted!
--extract: 9994 variants remaining.
Using 1 thread (no multithreaded calculations invoked).
Before main variant filters, 200 founders and 0 nonfounders present.
Calculating allele frequencies... done.
Total genotyping rate is 0.990337.
9994 variants and 200 people pass filters and QC.
Note: No phenotypes present.
--make-bed to /Users/meyerlab/RpackageDevelopment/plinkQC/extdata/data_hg38.bed
+ /Users/meyerlab/RpackageDevelopment/plinkQC/extdata/data_hg38.bim +
/Users/meyerlab/RpackageDevelopment/plinkQC/extdata/data_hg38.fam ... done.

End time: Tue Jan 10 13:59:18 2023
